<?xml version="1.0" encoding="UTF-8"?>
<!-- Generated by org.testng.reporters.JUnitXMLReporter -->
<testsuite ignored="1" hostname="DeepakSoni" failures="0" tests="4" name="Default test" time="0.091" errors="0" timestamp="2025-06-14T13:22:14 IST">
  <testcase classname="test.day3" name="MobileLoginCarLoan" time="0.01"/>
  <testcase classname="test.day3" name="WebLoginCarLoan" time="0.001"/>
  <testcase classname="test.day3" name="MobileSignOutCarLoan" time="0.002"/>
  <testcase classname="test.day3" name="APICarLoan" time="0.002"/>
  <testcase classname="test.day3" name="MobileSigninCarLoan" time="0.0">
    <ignored/>
  </testcase> <!-- MobileSigninCarLoan -->
</testsuite> <!-- Default test -->
