<?xml version="1.0" encoding="UTF-8"?>
<!-- Generated by org.testng.reporters.JUnitXMLReporter -->
<testsuite ignored="2" hostname="DeepakSoni" failures="0" tests="8" name="car loan" time="0.123" errors="0" timestamp="2025-06-15T10:21:35 IST">
  <testcase classname="test.day3" name="Mlogin" time="0.023"/>
  <testcase classname="test.day3" name="Mlogin" time="0.003"/>
  <testcase classname="test.day3" name="Mlogin" time="0.005"/>
  <testcase classname="test.day3" name="MobileLoginCarLoan" time="0.002"/>
  <testcase classname="test.day3" name="MobileSignOutCarLoan" time="0.003"/>
  <testcase classname="test.day3" name="WebLoginCarLoan" time="0.002"/>
  <testcase classname="test.day3" name="paraametr" time="0.002"/>
  <testcase classname="test.day3" name="parametr" time="0.001"/>
  <testcase classname="test.day3" name="MobileSigninCarLoan" time="0.0">
    <ignored/>
  </testcase> <!-- MobileSigninCarLoan -->
  <testcase classname="test.day3" name="APICarLoan" time="0.0">
    <ignored/>
  </testcase> <!-- APICarLoan -->
</testsuite> <!-- car loan -->
