<?xml version="1.0" encoding="UTF-8"?>
<!-- Generated by org.testng.reporters.JUnitXMLReporter -->
<testsuite ignored="1" hostname="DeepakSoni" failures="0" tests="15" name="Personal loan" time="0.133" errors="0" timestamp="2025-06-15T10:21:35 IST">
  <testcase classname="test.day3" name="MobileLoginCarLoan" time="0.015"/>
  <testcase classname="test.day1" name="demo" time="0.014"/>
  <testcase classname="test.day2" name="ploan" time="0.013"/>
  <testcase classname="test.day4" name="LoginAPIHomeLoan" time="0.012"/>
  <testcase classname="test.day3" name="WebLoginCarLoan" time="0.004"/>
  <testcase classname="test.day4" name="MobileLoginHomeLoan" time="0.002"/>
  <testcase classname="test.day3" name="Mlogin" time="0.004"/>
  <testcase classname="test.day1" name="secondTest" time="0.002"/>
  <testcase classname="test.day3" name="Mlogin" time="0.003"/>
  <testcase classname="test.day4" name="WebLoginHomeLoan" time="0.004"/>
  <testcase classname="test.day3" name="Mlogin" time="0.002"/>
  <testcase classname="test.day3" name="MobileSignOutCarLoan" time="0.002"/>
  <testcase classname="test.day3" name="paraametr" time="0.003"/>
  <testcase classname="test.day3" name="parametr" time="0.001"/>
  <testcase classname="test.day3" name="APICarLoan" time="0.001"/>
  <testcase classname="test.day3" name="MobileSigninCarLoan" time="0.0">
    <ignored/>
  </testcase> <!-- MobileSigninCarLoan -->
</testsuite> <!-- Personal loan -->
