<?xml version="1.0" encoding="UTF-8"?>
<testng-results ignored="3" total="26" passed="23" failed="0" skipped="0">
  <reporter-output>
  </reporter-output>
  <suite started-at="2025-06-15T10:21:35 IST" name="Loan Department" finished-at="2025-06-15T10:21:35 IST" duration-ms="133">
    <groups>
      <group name="Smoke">
        <method signature="day4.MobileLoginHomeLoan()[pri:0, instance:test.day4@2d3379b4]" name="MobileLoginHomeLoan" class="test.day4"/>
        <method signature="day1.demo()[pri:0, instance:test.day1@3590fc5b]" name="demo" class="test.day1"/>
        <method signature="day3.MobileSignOutCarLoan()[pri:0, instance:test.day3@618b19ad]" name="MobileSignOutCarLoan" class="test.day3"/>
        <method signature="day3.MobileSignOutCarLoan()[pri:0, instance:test.day3@198b6731]" name="MobileSignOutCarLoan" class="test.day3"/>
      </group> <!-- Smoke -->
    </groups>
    <test started-at="2025-06-15T10:21:35 IST" name="Personal loan" finished-at="2025-06-15T10:21:35 IST" duration-ms="133">
      <class name="test.day4">
        <test-method signature="LoginAPIHomeLoan()[pri:0, instance:test.day4@2d3379b4]" started-at="2025-06-15T10:21:35 IST" name="LoginAPIHomeLoan" finished-at="2025-06-15T10:21:35 IST" duration-ms="12" status="PASS">
          <reporter-output>
          </reporter-output>
        </test-method> <!-- LoginAPIHomeLoan -->
        <test-method signature="MobileLoginHomeLoan()[pri:0, instance:test.day4@2d3379b4]" started-at="2025-06-15T10:21:35 IST" name="MobileLoginHomeLoan" finished-at="2025-06-15T10:21:35 IST" duration-ms="2" status="PASS">
          <reporter-output>
          </reporter-output>
        </test-method> <!-- MobileLoginHomeLoan -->
        <test-method signature="WebLoginHomeLoan()[pri:0, instance:test.day4@2d3379b4]" started-at="2025-06-15T10:21:35 IST" name="WebLoginHomeLoan" finished-at="2025-06-15T10:21:35 IST" duration-ms="4" status="PASS">
          <reporter-output>
          </reporter-output>
        </test-method> <!-- WebLoginHomeLoan -->
      </class> <!-- test.day4 -->
      <class name="test.day2">
        <test-method is-config="true" signature="prerequisite()[pri:0, instance:test.day2@443118b0]" started-at="2025-06-15T10:21:35 IST" name="prerequisite" finished-at="2025-06-15T10:21:35 IST" duration-ms="1" status="PASS">
          <reporter-output>
          </reporter-output>
        </test-method> <!-- prerequisite -->
        <test-method signature="ploan()[pri:0, instance:test.day2@443118b0]" started-at="2025-06-15T10:21:35 IST" name="ploan" finished-at="2025-06-15T10:21:35 IST" duration-ms="13" status="PASS">
          <reporter-output>
          </reporter-output>
        </test-method> <!-- ploan -->
      </class> <!-- test.day2 -->
      <class name="test.day3">
        <test-method is-config="true" signature="BeforClass()[pri:0, instance:test.day3@618b19ad]" started-at="2025-06-15T10:21:35 IST" name="BeforClass" finished-at="2025-06-15T10:21:35 IST" duration-ms="1" status="PASS">
          <reporter-output>
          </reporter-output>
        </test-method> <!-- BeforClass -->
        <test-method signature="MobileLoginCarLoan()[pri:0, instance:test.day3@618b19ad]" started-at="2025-06-15T10:21:35 IST" name="MobileLoginCarLoan" finished-at="2025-06-15T10:21:35 IST" duration-ms="15" status="PASS">
          <reporter-output>
          </reporter-output>
        </test-method> <!-- MobileLoginCarLoan -->
        <test-method signature="WebLoginCarLoan()[pri:0, instance:test.day3@618b19ad]" started-at="2025-06-15T10:21:35 IST" name="WebLoginCarLoan" finished-at="2025-06-15T10:21:35 IST" duration-ms="4" status="PASS">
          <reporter-output>
          </reporter-output>
        </test-method> <!-- WebLoginCarLoan -->
        <test-method signature="Mlogin(java.lang.String,java.lang.String)[pri:0, instance:test.day3@618b19ad]" started-at="2025-06-15T10:21:35 IST" name="Mlogin" data-provider="getData" finished-at="2025-06-15T10:21:35 IST" duration-ms="4" status="PASS">
          <params>
            <param index="0">
              <value>
                <![CDATA[FuN]]>
              </value>
            </param>
            <param index="1">
              <value>
                <![CDATA[Fpass]]>
              </value>
            </param>
          </params>
          <reporter-output>
          </reporter-output>
        </test-method> <!-- Mlogin -->
        <test-method signature="Mlogin(java.lang.String,java.lang.String)[pri:0, instance:test.day3@618b19ad]" started-at="2025-06-15T10:21:35 IST" name="Mlogin" data-provider="getData" finished-at="2025-06-15T10:21:35 IST" duration-ms="3" status="PASS">
          <params>
            <param index="0">
              <value>
                <![CDATA[Sun]]>
              </value>
            </param>
            <param index="1">
              <value>
                <![CDATA[Spass]]>
              </value>
            </param>
          </params>
          <reporter-output>
          </reporter-output>
        </test-method> <!-- Mlogin -->
        <test-method signature="Mlogin(java.lang.String,java.lang.String)[pri:0, instance:test.day3@618b19ad]" started-at="2025-06-15T10:21:35 IST" name="Mlogin" data-provider="getData" finished-at="2025-06-15T10:21:35 IST" duration-ms="2" status="PASS">
          <params>
            <param index="0">
              <value>
                <![CDATA[Tun]]>
              </value>
            </param>
            <param index="1">
              <value>
                <![CDATA[Tpass]]>
              </value>
            </param>
          </params>
          <reporter-output>
          </reporter-output>
        </test-method> <!-- Mlogin -->
        <test-method signature="MobileSignOutCarLoan()[pri:0, instance:test.day3@618b19ad]" started-at="2025-06-15T10:21:35 IST" name="MobileSignOutCarLoan" finished-at="2025-06-15T10:21:35 IST" duration-ms="2" status="PASS">
          <reporter-output>
          </reporter-output>
        </test-method> <!-- MobileSignOutCarLoan -->
        <test-method signature="paraametr(java.lang.String)[pri:0, instance:test.day3@618b19ad]" started-at="2025-06-15T10:21:35 IST" name="paraametr" finished-at="2025-06-15T10:21:35 IST" duration-ms="3" status="PASS">
          <params>
            <param index="0">
              <value>
                <![CDATA[TestFolderLevelPersonalLoanUrl]]>
              </value>
            </param>
          </params>
          <reporter-output>
          </reporter-output>
        </test-method> <!-- paraametr -->
        <test-method signature="parametr(java.lang.String)[pri:0, instance:test.day3@618b19ad]" started-at="2025-06-15T10:21:35 IST" name="parametr" finished-at="2025-06-15T10:21:35 IST" duration-ms="1" status="PASS">
          <params>
            <param index="0">
              <value>
                <![CDATA[TestFolderLevelPersonalLoanUrl]]>
              </value>
            </param>
          </params>
          <reporter-output>
          </reporter-output>
        </test-method> <!-- parametr -->
        <test-method signature="APICarLoan()[pri:0, instance:test.day3@618b19ad]" started-at="2025-06-15T10:21:35 IST" name="APICarLoan" finished-at="2025-06-15T10:21:35 IST" depends-on-methods="test.day3.MobileLoginCarLoan" duration-ms="1" status="PASS">
          <reporter-output>
          </reporter-output>
        </test-method> <!-- APICarLoan -->
        <test-method is-config="true" signature="AfteClass()[pri:0, instance:test.day3@618b19ad]" started-at="2025-06-15T10:21:35 IST" name="AfteClass" finished-at="2025-06-15T10:21:35 IST" duration-ms="0" status="PASS">
          <reporter-output>
          </reporter-output>
        </test-method> <!-- AfteClass -->
      </class> <!-- test.day3 -->
      <class name="test.day1">
        <test-method is-config="true" signature="BeforMethod()[pri:0, instance:test.day1@3590fc5b]" started-at="2025-06-15T10:21:35 IST" name="BeforMethod" finished-at="2025-06-15T10:21:35 IST" duration-ms="1" status="PASS">
          <reporter-output>
          </reporter-output>
        </test-method> <!-- BeforMethod -->
        <test-method signature="demo()[pri:0, instance:test.day1@3590fc5b]" started-at="2025-06-15T10:21:35 IST" name="demo" finished-at="2025-06-15T10:21:35 IST" duration-ms="14" status="PASS">
          <reporter-output>
          </reporter-output>
        </test-method> <!-- demo -->
        <test-method is-config="true" signature="AfteMethod()[pri:0, instance:test.day1@3590fc5b]" started-at="2025-06-15T10:21:35 IST" name="AfteMethod" finished-at="2025-06-15T10:21:35 IST" duration-ms="0" status="PASS">
          <reporter-output>
          </reporter-output>
        </test-method> <!-- AfteMethod -->
        <test-method signature="secondTest()[pri:0, instance:test.day1@3590fc5b]" started-at="2025-06-15T10:21:35 IST" name="secondTest" finished-at="2025-06-15T10:21:35 IST" duration-ms="2" status="PASS">
          <reporter-output>
          </reporter-output>
        </test-method> <!-- secondTest -->
        <test-method is-config="true" signature="BeforMethod()[pri:0, instance:test.day1@3590fc5b]" started-at="2025-06-15T10:21:35 IST" name="BeforMethod" finished-at="2025-06-15T10:21:35 IST" duration-ms="0" status="PASS">
          <reporter-output>
          </reporter-output>
        </test-method> <!-- BeforMethod -->
        <test-method is-config="true" signature="AfteMethod()[pri:0, instance:test.day1@3590fc5b]" started-at="2025-06-15T10:21:35 IST" name="AfteMethod" finished-at="2025-06-15T10:21:35 IST" duration-ms="1" status="PASS">
          <reporter-output>
          </reporter-output>
        </test-method> <!-- AfteMethod -->
        <test-method is-config="true" signature="lastExecution()[pri:0, instance:test.day1@3590fc5b]" started-at="2025-06-15T10:21:35 IST" name="lastExecution" finished-at="2025-06-15T10:21:35 IST" duration-ms="1" status="PASS">
          <reporter-output>
          </reporter-output>
        </test-method> <!-- lastExecution -->
      </class> <!-- test.day1 -->
    </test> <!-- Personal loan -->
    <test started-at="2025-06-15T10:21:35 IST" name="car loan" finished-at="2025-06-15T10:21:35 IST" duration-ms="123">
      <class name="test.day3">
        <test-method is-config="true" signature="BefoeSuit()[pri:0, instance:test.day3@198b6731]" started-at="2025-06-15T10:21:35 IST" name="BefoeSuit" finished-at="2025-06-15T10:21:35 IST" duration-ms="16" status="PASS">
          <reporter-output>
          </reporter-output>
        </test-method> <!-- BefoeSuit -->
        <test-method is-config="true" signature="BeforClass()[pri:0, instance:test.day3@198b6731]" started-at="2025-06-15T10:21:35 IST" name="BeforClass" finished-at="2025-06-15T10:21:35 IST" duration-ms="1" status="PASS">
          <reporter-output>
          </reporter-output>
        </test-method> <!-- BeforClass -->
        <test-method signature="Mlogin(java.lang.String,java.lang.String)[pri:0, instance:test.day3@198b6731]" started-at="2025-06-15T10:21:35 IST" name="Mlogin" data-provider="getData" finished-at="2025-06-15T10:21:35 IST" duration-ms="23" status="PASS">
          <params>
            <param index="0">
              <value>
                <![CDATA[FuN]]>
              </value>
            </param>
            <param index="1">
              <value>
                <![CDATA[Fpass]]>
              </value>
            </param>
          </params>
          <reporter-output>
          </reporter-output>
        </test-method> <!-- Mlogin -->
        <test-method signature="Mlogin(java.lang.String,java.lang.String)[pri:0, instance:test.day3@198b6731]" started-at="2025-06-15T10:21:35 IST" name="Mlogin" data-provider="getData" finished-at="2025-06-15T10:21:35 IST" duration-ms="3" status="PASS">
          <params>
            <param index="0">
              <value>
                <![CDATA[Sun]]>
              </value>
            </param>
            <param index="1">
              <value>
                <![CDATA[Spass]]>
              </value>
            </param>
          </params>
          <reporter-output>
          </reporter-output>
        </test-method> <!-- Mlogin -->
        <test-method signature="Mlogin(java.lang.String,java.lang.String)[pri:0, instance:test.day3@198b6731]" started-at="2025-06-15T10:21:35 IST" name="Mlogin" data-provider="getData" finished-at="2025-06-15T10:21:35 IST" duration-ms="5" status="PASS">
          <params>
            <param index="0">
              <value>
                <![CDATA[Tun]]>
              </value>
            </param>
            <param index="1">
              <value>
                <![CDATA[Tpass]]>
              </value>
            </param>
          </params>
          <reporter-output>
          </reporter-output>
        </test-method> <!-- Mlogin -->
        <test-method signature="MobileLoginCarLoan()[pri:0, instance:test.day3@198b6731]" started-at="2025-06-15T10:21:35 IST" name="MobileLoginCarLoan" finished-at="2025-06-15T10:21:35 IST" duration-ms="2" status="PASS">
          <reporter-output>
          </reporter-output>
        </test-method> <!-- MobileLoginCarLoan -->
        <test-method signature="MobileSignOutCarLoan()[pri:0, instance:test.day3@198b6731]" started-at="2025-06-15T10:21:35 IST" name="MobileSignOutCarLoan" finished-at="2025-06-15T10:21:35 IST" duration-ms="3" status="PASS">
          <reporter-output>
          </reporter-output>
        </test-method> <!-- MobileSignOutCarLoan -->
        <test-method signature="WebLoginCarLoan()[pri:0, instance:test.day3@198b6731]" started-at="2025-06-15T10:21:35 IST" name="WebLoginCarLoan" finished-at="2025-06-15T10:21:35 IST" duration-ms="2" status="PASS">
          <reporter-output>
          </reporter-output>
        </test-method> <!-- WebLoginCarLoan -->
        <test-method signature="paraametr(java.lang.String)[pri:0, instance:test.day3@198b6731]" started-at="2025-06-15T10:21:35 IST" name="paraametr" finished-at="2025-06-15T10:21:35 IST" duration-ms="2" status="PASS">
          <params>
            <param index="0">
              <value>
                <![CDATA[TestFolderLevelCarLoanUrl]]>
              </value>
            </param>
          </params>
          <reporter-output>
          </reporter-output>
        </test-method> <!-- paraametr -->
        <test-method signature="parametr(java.lang.String)[pri:0, instance:test.day3@198b6731]" started-at="2025-06-15T10:21:35 IST" name="parametr" finished-at="2025-06-15T10:21:35 IST" duration-ms="1" status="PASS">
          <params>
            <param index="0">
              <value>
                <![CDATA[TestFolderLevelCarLoanUrl]]>
              </value>
            </param>
          </params>
          <reporter-output>
          </reporter-output>
        </test-method> <!-- parametr -->
        <test-method is-config="true" signature="AfteClass()[pri:0, instance:test.day3@198b6731]" started-at="2025-06-15T10:21:35 IST" name="AfteClass" finished-at="2025-06-15T10:21:35 IST" duration-ms="0" status="PASS">
          <reporter-output>
          </reporter-output>
        </test-method> <!-- AfteClass -->
      </class> <!-- test.day3 -->
      <class name="test.day1">
        <test-method is-config="true" signature="AfterSuit()[pri:0, instance:test.day1@3590fc5b]" started-at="2025-06-15T10:21:35 IST" name="AfterSuit" finished-at="2025-06-15T10:21:35 IST" duration-ms="1" status="PASS">
          <reporter-output>
          </reporter-output>
        </test-method> <!-- AfterSuit -->
      </class> <!-- test.day1 -->
    </test> <!-- car loan -->
  </suite> <!-- Loan Department -->
</testng-results>
